Analysis & Synthesis report for MIPS
Sun Jun 25 15:34:38 2017
Quartus II 64-Bit Version 13.1.0 Build 162 10/23/2013 SJ Web Edition


---------------------
; Table of Contents ;
---------------------
  1. Legal Notice
  2. Analysis & Synthesis Summary
  3. Analysis & Synthesis Settings
  4. Parallel Compilation
  5. Analysis & Synthesis Source Files Read
  6. Analysis & Synthesis Resource Usage Summary
  7. Analysis & Synthesis Resource Utilization by Entity
  8. General Register Statistics
  9. Parameter Settings for User Entity Instance: divisor_frequencia:df
 10. Port Connectivity Checks: "mainMemory:comb_10"
 11. Port Connectivity Checks: "ALU:comb_9"
 12. Port Connectivity Checks: "MUX32bits:ULASrc"
 13. Port Connectivity Checks: "registers:comb_8"
 14. Port Connectivity Checks: "MUX32bits:muxRegDst"
 15. Port Connectivity Checks: "Unidade_de_controle:comb_7"
 16. Port Connectivity Checks: "Instructions_memory:comb_6"
 17. Port Connectivity Checks: "ALUadd:comb_5"
 18. Port Connectivity Checks: "MUX32bits:muxJump"
 19. Elapsed Time Per Partition
 20. Analysis & Synthesis Messages
 21. Analysis & Synthesis Suppressed Messages



----------------
; Legal Notice ;
----------------
Copyright (C) 1991-2013 Altera Corporation
Your use of Altera Corporation's design tools, logic functions 
and other software and tools, and its AMPP partner logic 
functions, and any output files from any of the foregoing 
(including device programming or simulation files), and any 
associated documentation or information are expressly subject 
to the terms and conditions of the Altera Program License 
Subscription Agreement, Altera MegaCore Function License 
Agreement, or other applicable license agreement, including, 
without limitation, that your use is for the sole purpose of 
programming logic devices manufactured by Altera and sold by 
Altera or its authorized distributors.  Please refer to the 
applicable agreement for further details.



+---------------------------------------------------------------------------------+
; Analysis & Synthesis Summary                                                    ;
+------------------------------------+--------------------------------------------+
; Analysis & Synthesis Status        ; Successful - Sun Jun 25 15:34:38 2017      ;
; Quartus II 64-Bit Version          ; 13.1.0 Build 162 10/23/2013 SJ Web Edition ;
; Revision Name                      ; MIPS                                       ;
; Top-level Entity Name              ; MIPS                                       ;
; Family                             ; Cyclone IV E                               ;
; Total logic elements               ; 0                                          ;
;     Total combinational functions  ; 0                                          ;
;     Dedicated logic registers      ; 0                                          ;
; Total registers                    ; 0                                          ;
; Total pins                         ; 42                                         ;
; Total virtual pins                 ; 0                                          ;
; Total memory bits                  ; 0                                          ;
; Embedded Multiplier 9-bit elements ; 0                                          ;
; Total PLLs                         ; 0                                          ;
+------------------------------------+--------------------------------------------+


+----------------------------------------------------------------------------------------------------------------------+
; Analysis & Synthesis Settings                                                                                        ;
+----------------------------------------------------------------------------+--------------------+--------------------+
; Option                                                                     ; Setting            ; Default Value      ;
+----------------------------------------------------------------------------+--------------------+--------------------+
; Device                                                                     ; EP4CE115F29C7      ;                    ;
; Top-level entity name                                                      ; MIPS               ; MIPS               ;
; Family name                                                                ; Cyclone IV E       ; Cyclone IV GX      ;
; Use smart compilation                                                      ; Off                ; Off                ;
; Enable parallel Assembler and TimeQuest Timing Analyzer during compilation ; On                 ; On                 ;
; Enable compact report table                                                ; Off                ; Off                ;
; Restructure Multiplexers                                                   ; Auto               ; Auto               ;
; Create Debugging Nodes for IP Cores                                        ; Off                ; Off                ;
; Preserve fewer node names                                                  ; On                 ; On                 ;
; Disable OpenCore Plus hardware evaluation                                  ; Off                ; Off                ;
; Verilog Version                                                            ; Verilog_2001       ; Verilog_2001       ;
; VHDL Version                                                               ; VHDL_1993          ; VHDL_1993          ;
; State Machine Processing                                                   ; Auto               ; Auto               ;
; Safe State Machine                                                         ; Off                ; Off                ;
; Extract Verilog State Machines                                             ; On                 ; On                 ;
; Extract VHDL State Machines                                                ; On                 ; On                 ;
; Ignore Verilog initial constructs                                          ; Off                ; Off                ;
; Iteration limit for constant Verilog loops                                 ; 5000               ; 5000               ;
; Iteration limit for non-constant Verilog loops                             ; 250                ; 250                ;
; Add Pass-Through Logic to Inferred RAMs                                    ; On                 ; On                 ;
; Infer RAMs from Raw Logic                                                  ; On                 ; On                 ;
; Parallel Synthesis                                                         ; On                 ; On                 ;
; DSP Block Balancing                                                        ; Auto               ; Auto               ;
; NOT Gate Push-Back                                                         ; On                 ; On                 ;
; Power-Up Don't Care                                                        ; On                 ; On                 ;
; Remove Redundant Logic Cells                                               ; Off                ; Off                ;
; Remove Duplicate Registers                                                 ; On                 ; On                 ;
; Ignore CARRY Buffers                                                       ; Off                ; Off                ;
; Ignore CASCADE Buffers                                                     ; Off                ; Off                ;
; Ignore GLOBAL Buffers                                                      ; Off                ; Off                ;
; Ignore ROW GLOBAL Buffers                                                  ; Off                ; Off                ;
; Ignore LCELL Buffers                                                       ; Off                ; Off                ;
; Ignore SOFT Buffers                                                        ; On                 ; On                 ;
; Limit AHDL Integers to 32 Bits                                             ; Off                ; Off                ;
; Optimization Technique                                                     ; Balanced           ; Balanced           ;
; Carry Chain Length                                                         ; 70                 ; 70                 ;
; Auto Carry Chains                                                          ; On                 ; On                 ;
; Auto Open-Drain Pins                                                       ; On                 ; On                 ;
; Perform WYSIWYG Primitive Resynthesis                                      ; Off                ; Off                ;
; Auto ROM Replacement                                                       ; On                 ; On                 ;
; Auto RAM Replacement                                                       ; On                 ; On                 ;
; Auto DSP Block Replacement                                                 ; On                 ; On                 ;
; Auto Shift Register Replacement                                            ; Auto               ; Auto               ;
; Allow Shift Register Merging across Hierarchies                            ; Auto               ; Auto               ;
; Auto Clock Enable Replacement                                              ; On                 ; On                 ;
; Strict RAM Replacement                                                     ; Off                ; Off                ;
; Allow Synchronous Control Signals                                          ; On                 ; On                 ;
; Force Use of Synchronous Clear Signals                                     ; Off                ; Off                ;
; Auto RAM Block Balancing                                                   ; On                 ; On                 ;
; Auto RAM to Logic Cell Conversion                                          ; Off                ; Off                ;
; Auto Resource Sharing                                                      ; Off                ; Off                ;
; Allow Any RAM Size For Recognition                                         ; Off                ; Off                ;
; Allow Any ROM Size For Recognition                                         ; Off                ; Off                ;
; Allow Any Shift Register Size For Recognition                              ; Off                ; Off                ;
; Use LogicLock Constraints during Resource Balancing                        ; On                 ; On                 ;
; Ignore translate_off and synthesis_off directives                          ; Off                ; Off                ;
; Timing-Driven Synthesis                                                    ; On                 ; On                 ;
; Report Parameter Settings                                                  ; On                 ; On                 ;
; Report Source Assignments                                                  ; On                 ; On                 ;
; Report Connectivity Checks                                                 ; On                 ; On                 ;
; Ignore Maximum Fan-Out Assignments                                         ; Off                ; Off                ;
; Synchronization Register Chain Length                                      ; 2                  ; 2                  ;
; PowerPlay Power Optimization                                               ; Normal compilation ; Normal compilation ;
; HDL message level                                                          ; Level2             ; Level2             ;
; Suppress Register Optimization Related Messages                            ; Off                ; Off                ;
; Number of Removed Registers Reported in Synthesis Report                   ; 5000               ; 5000               ;
; Number of Swept Nodes Reported in Synthesis Report                         ; 5000               ; 5000               ;
; Number of Inverted Registers Reported in Synthesis Report                  ; 100                ; 100                ;
; Clock MUX Protection                                                       ; On                 ; On                 ;
; Auto Gated Clock Conversion                                                ; Off                ; Off                ;
; Block Design Naming                                                        ; Auto               ; Auto               ;
; SDC constraint protection                                                  ; Off                ; Off                ;
; Synthesis Effort                                                           ; Auto               ; Auto               ;
; Shift Register Replacement - Allow Asynchronous Clear Signal               ; On                 ; On                 ;
; Pre-Mapping Resynthesis Optimization                                       ; Off                ; Off                ;
; Analysis & Synthesis Message Level                                         ; Medium             ; Medium             ;
; Disable Register Merging Across Hierarchies                                ; Auto               ; Auto               ;
; Resource Aware Inference For Block RAM                                     ; On                 ; On                 ;
; Synthesis Seed                                                             ; 1                  ; 1                  ;
+----------------------------------------------------------------------------+--------------------+--------------------+


Parallel compilation was disabled, but you have multiple processors available. Enable parallel compilation to reduce compilation time.
+-------------------------------------+
; Parallel Compilation                ;
+----------------------------+--------+
; Processors                 ; Number ;
+----------------------------+--------+
; Number detected on machine ; 8      ;
; Maximum allowed            ; 1      ;
+----------------------------+--------+


+-------------------------------------------------------------------------------------------------------------------------------------------------------------------------------------------+
; Analysis & Synthesis Source Files Read                                                                                                                                                    ;
+-----------------------------------------+-----------------+------------------------+--------------------------------------------------------------------------------------------+---------+
; File Name with User-Entered Path        ; Used in Netlist ; File Type              ; File Name with Absolute Path                                                               ; Library ;
+-----------------------------------------+-----------------+------------------------+--------------------------------------------------------------------------------------------+---------+
; Banco de registradores/registers.v      ; yes             ; User Verilog HDL File  ; /home/ricoms/Documents/1.Cursando/LabAOCTiago/mips/Banco de registradores/registers.v      ;         ;
; MIPS.v                                  ; yes             ; User Verilog HDL File  ; /home/ricoms/Documents/1.Cursando/LabAOCTiago/mips/MIPS.v                                  ;         ;
; ALU/ALU.v                               ; yes             ; User Verilog HDL File  ; /home/ricoms/Documents/1.Cursando/LabAOCTiago/mips/ALU/ALU.v                               ;         ;
; ALU/ALUadd.v                            ; yes             ; User Verilog HDL File  ; /home/ricoms/Documents/1.Cursando/LabAOCTiago/mips/ALU/ALUadd.v                            ;         ;
; ALU/ALUadd4.v                           ; yes             ; User Verilog HDL File  ; /home/ricoms/Documents/1.Cursando/LabAOCTiago/mips/ALU/ALUadd4.v                           ;         ;
; bit_extender/bit_extender.v             ; yes             ; User Verilog HDL File  ; /home/ricoms/Documents/1.Cursando/LabAOCTiago/mips/bit_extender/bit_extender.v             ;         ;
; program_counter/program_counter.v       ; yes             ; User Verilog HDL File  ; /home/ricoms/Documents/1.Cursando/LabAOCTiago/mips/program_counter/program_counter.v       ;         ;
; data_out/data_out.v                     ; yes             ; User Verilog HDL File  ; /home/ricoms/Documents/1.Cursando/LabAOCTiago/mips/data_out/data_out.v                     ;         ;
; divisor_frequencia/divisor_frequencia.v ; yes             ; User Verilog HDL File  ; /home/ricoms/Documents/1.Cursando/LabAOCTiago/mips/divisor_frequencia/divisor_frequencia.v ;         ;
; UC/UC.v                                 ; yes             ; User Verilog HDL File  ; /home/ricoms/Documents/1.Cursando/LabAOCTiago/mips/UC/UC.v                                 ;         ;
; Instruction_memory/Instruction_memory.v ; yes             ; User Verilog HDL File  ; /home/ricoms/Documents/1.Cursando/LabAOCTiago/mips/Instruction_memory/Instruction_memory.v ;         ;
; Multiplexador/MUX32.v                   ; yes             ; User Verilog HDL File  ; /home/ricoms/Documents/1.Cursando/LabAOCTiago/mips/Multiplexador/MUX32.v                   ;         ;
+-----------------------------------------+-----------------+------------------------+--------------------------------------------------------------------------------------------+---------+


+--------------------------------------------------------+
; Analysis & Synthesis Resource Usage Summary            ;
+---------------------------------------------+----------+
; Resource                                    ; Usage    ;
+---------------------------------------------+----------+
;                                             ;          ;
; Total combinational functions               ; 0        ;
; Logic element usage by number of LUT inputs ;          ;
;     -- 4 input functions                    ; 0        ;
;     -- 3 input functions                    ; 0        ;
;     -- <=2 input functions                  ; 0        ;
;                                             ;          ;
; Logic elements by mode                      ;          ;
;     -- normal mode                          ; 0        ;
;     -- arithmetic mode                      ; 0        ;
;                                             ;          ;
; Total registers                             ; 0        ;
;     -- Dedicated logic registers            ; 0        ;
;     -- I/O registers                        ; 0        ;
;                                             ;          ;
; I/O pins                                    ; 42       ;
; Embedded Multiplier 9-bit elements          ; 0        ;
; Maximum fan-out node                        ; clk_fpga ;
; Maximum fan-out                             ; 1        ;
; Total fan-out                               ; 42       ;
; Average fan-out                             ; 0.50     ;
+---------------------------------------------+----------+


+-----------------------------------------------------------------------------------------------------------------------------------------------------------------------------+
; Analysis & Synthesis Resource Utilization by Entity                                                                                                                         ;
+----------------------------+-------------------+--------------+-------------+--------------+---------+-----------+------+--------------+---------------------+--------------+
; Compilation Hierarchy Node ; LC Combinationals ; LC Registers ; Memory Bits ; DSP Elements ; DSP 9x9 ; DSP 18x18 ; Pins ; Virtual Pins ; Full Hierarchy Name ; Library Name ;
+----------------------------+-------------------+--------------+-------------+--------------+---------+-----------+------+--------------+---------------------+--------------+
; |MIPS                      ; 0 (0)             ; 0 (0)        ; 0           ; 0            ; 0       ; 0         ; 42   ; 0            ; |MIPS               ; work         ;
+----------------------------+-------------------+--------------+-------------+--------------+---------+-----------+------+--------------+---------------------+--------------+
Note: For table entries with two numbers listed, the numbers in parentheses indicate the number of resources of the given type used by the specific entity alone. The numbers listed outside of parentheses indicate the total resources of the given type used by the specific entity and all of its sub-entities in the hierarchy.


+------------------------------------------------------+
; General Register Statistics                          ;
+----------------------------------------------+-------+
; Statistic                                    ; Value ;
+----------------------------------------------+-------+
; Total registers                              ; 0     ;
; Number of registers using Synchronous Clear  ; 0     ;
; Number of registers using Synchronous Load   ; 0     ;
; Number of registers using Asynchronous Clear ; 0     ;
; Number of registers using Asynchronous Load  ; 0     ;
; Number of registers using Clock Enable       ; 0     ;
; Number of registers using Preset             ; 0     ;
+----------------------------------------------+-------+


+--------------------------------------------------------------------+
; Parameter Settings for User Entity Instance: divisor_frequencia:df ;
+----------------+-------+-------------------------------------------+
; Parameter Name ; Value ; Type                                      ;
+----------------+-------+-------------------------------------------+
; n              ; 26    ; Signed Integer                            ;
+----------------+-------+-------------------------------------------+
Note: In order to hide this table in the UI and the text report file, please set the "Show Parameter Settings in Synthesis Report" option in "Analysis and Synthesis Settings -> More Settings" to "Off".


+------------------------------------------------------------------------------------------------------------------------------------------------------------------------------------------------------------------+
; Port Connectivity Checks: "mainMemory:comb_10"                                                                                                                                                                   ;
+---------+-------+----------+-------------------------------------------------------------------------------------------------------------------------------------------------------------------------------------+
; Port    ; Type  ; Severity ; Details                                                                                                                                                                             ;
+---------+-------+----------+-------------------------------------------------------------------------------------------------------------------------------------------------------------------------------------+
; address ; Input ; Warning  ; Input port expression (32 bits) is wider than the input port (10 bits) it drives.  The 22 most-significant bit(s) in the expression will be dangling if they have no other fanouts. ;
+---------+-------+----------+-------------------------------------------------------------------------------------------------------------------------------------------------------------------------------------+


+----------------------------------------------------------------------------------------------------------------------------------------------------------------------------------+
; Port Connectivity Checks: "ALU:comb_9"                                                                                                                                           ;
+-----------+-------+----------+---------------------------------------------------------------------------------------------------------------------------------------------------+
; Port      ; Type  ; Severity ; Details                                                                                                                                           ;
+-----------+-------+----------+---------------------------------------------------------------------------------------------------------------------------------------------------+
; data2     ; Input ; Warning  ; Input port expression (1 bits) is smaller than the input port (32 bits) it drives.  Extra input bit(s) "data2[31..1]" will be connected to GND.   ;
; operation ; Input ; Warning  ; Input port expression (1 bits) is smaller than the input port (6 bits) it drives.  Extra input bit(s) "operation[5..1]" will be connected to GND. ;
; ALUOp     ; Input ; Warning  ; Declared by entity but not connected by instance. If a default value exists, it will be used.  Otherwise, the port will be connected to GND.      ;
+-----------+-------+----------+---------------------------------------------------------------------------------------------------------------------------------------------------+


+------------------------------------------------------------------------------------------------------------------------------------------------------------+
; Port Connectivity Checks: "MUX32bits:ULASrc"                                                                                                               ;
+---------+--------+----------+------------------------------------------------------------------------------------------------------------------------------+
; Port    ; Type   ; Severity ; Details                                                                                                                      ;
+---------+--------+----------+------------------------------------------------------------------------------------------------------------------------------+
; mux_out ; Output ; Warning  ; Output or bidir port (32 bits) is wider than the port expression (1 bits) it drives; bit(s) "mux_out[31..1]" have no fanouts ;
+---------+--------+----------+------------------------------------------------------------------------------------------------------------------------------+


+-------------------------------------------------------------------------------------------------------------------------------------------------------------------------------------------+
; Port Connectivity Checks: "registers:comb_8"                                                                                                                                              ;
+---------------+--------+----------+-------------------------------------------------------------------------------------------------------------------------------------------------------+
; Port          ; Type   ; Severity ; Details                                                                                                                                               ;
+---------------+--------+----------+-------------------------------------------------------------------------------------------------------------------------------------------------------+
; writeRegister ; Input  ; Warning  ; Input port expression (1 bits) is smaller than the input port (5 bits) it drives.  Extra input bit(s) "writeRegister[4..1]" will be connected to GND. ;
; toDisplay     ; Output ; Info     ; Connected to dangling logic. Logic that only feeds a dangling port will be removed.                                                                   ;
+---------------+--------+----------+-------------------------------------------------------------------------------------------------------------------------------------------------------+


+-------------------------------------------------------------------------------------------------------------------------------------------------------------------------------+
; Port Connectivity Checks: "MUX32bits:muxRegDst"                                                                                                                               ;
+---------+--------+----------+-------------------------------------------------------------------------------------------------------------------------------------------------+
; Port    ; Type   ; Severity ; Details                                                                                                                                         ;
+---------+--------+----------+-------------------------------------------------------------------------------------------------------------------------------------------------+
; data1   ; Input  ; Warning  ; Input port expression (5 bits) is smaller than the input port (32 bits) it drives.  Extra input bit(s) "data1[31..5]" will be connected to GND. ;
; data2   ; Input  ; Warning  ; Input port expression (5 bits) is smaller than the input port (32 bits) it drives.  Extra input bit(s) "data2[31..5]" will be connected to GND. ;
; mux_out ; Output ; Warning  ; Output or bidir port (32 bits) is wider than the port expression (1 bits) it drives; bit(s) "mux_out[31..1]" have no fanouts                    ;
+---------+--------+----------+-------------------------------------------------------------------------------------------------------------------------------------------------+


+-------------------------------------------------------------------------------------------------------------------+
; Port Connectivity Checks: "Unidade_de_controle:comb_7"                                                            ;
+---------+--------+----------+-------------------------------------------------------------------------------------+
; Port    ; Type   ; Severity ; Details                                                                             ;
+---------+--------+----------+-------------------------------------------------------------------------------------+
; memRead ; Output ; Info     ; Connected to dangling logic. Logic that only feeds a dangling port will be removed. ;
; aluOp   ; Output ; Info     ; Connected to dangling logic. Logic that only feeds a dangling port will be removed. ;
+---------+--------+----------+-------------------------------------------------------------------------------------+


+------------------------------------------------------------------------------------------------------------------------------------------------------------------------------------------------------------------+
; Port Connectivity Checks: "Instructions_memory:comb_6"                                                                                                                                                           ;
+---------+-------+----------+-------------------------------------------------------------------------------------------------------------------------------------------------------------------------------------+
; Port    ; Type  ; Severity ; Details                                                                                                                                                                             ;
+---------+-------+----------+-------------------------------------------------------------------------------------------------------------------------------------------------------------------------------------+
; address ; Input ; Warning  ; Input port expression (32 bits) is wider than the input port (10 bits) it drives.  The 22 most-significant bit(s) in the expression will be dangling if they have no other fanouts. ;
+---------+-------+----------+-------------------------------------------------------------------------------------------------------------------------------------------------------------------------------------+


+-----------------------------------------------+
; Port Connectivity Checks: "ALUadd:comb_5"     ;
+-------------+-------+----------+--------------+
; Port        ; Type  ; Severity ; Details      ;
+-------------+-------+----------+--------------+
; data2[1..0] ; Input ; Info     ; Stuck at GND ;
+-------------+-------+----------+--------------+


+------------------------------------------------------------------------------------------------------------------------------------------------------------------------------------+
; Port Connectivity Checks: "MUX32bits:muxJump"                                                                                                                                      ;
+-------------+-------+----------+---------------------------------------------------------------------------------------------------------------------------------------------------+
; Port        ; Type  ; Severity ; Details                                                                                                                                           ;
+-------------+-------+----------+---------------------------------------------------------------------------------------------------------------------------------------------------+
; data2       ; Input ; Warning  ; Input port expression (30 bits) is smaller than the input port (32 bits) it drives.  Extra input bit(s) "data2[31..30]" will be connected to GND. ;
; data2[5..4] ; Input ; Info     ; Stuck at GND                                                                                                                                      ;
+-------------+-------+----------+---------------------------------------------------------------------------------------------------------------------------------------------------+


+-------------------------------+
; Elapsed Time Per Partition    ;
+----------------+--------------+
; Partition Name ; Elapsed Time ;
+----------------+--------------+
; Top            ; 00:00:00     ;
+----------------+--------------+


+-------------------------------+
; Analysis & Synthesis Messages ;
+-------------------------------+
Info: *******************************************************************
Info: Running Quartus II 64-Bit Analysis & Synthesis
    Info: Version 13.1.0 Build 162 10/23/2013 SJ Web Edition
    Info: Processing started: Sun Jun 25 15:34:37 2017
Info: Command: quartus_map --read_settings_files=on --write_settings_files=off MIPS -c MIPS
Warning (20028): Parallel compilation is not licensed and has been disabled
Info (12021): Found 1 design units, including 1 entities, in source file Banco de registradores/registers.v
    Info (12023): Found entity 1: registers
Warning (10463): Verilog HDL Declaration warning at MIPS.v(4): "program" is SystemVerilog-2005 keyword
Info (12021): Found 1 design units, including 1 entities, in source file MIPS.v
    Info (12023): Found entity 1: MIPS
Info (12021): Found 1 design units, including 1 entities, in source file ALU/ALU.v
    Info (12023): Found entity 1: ALU
Info (12021): Found 1 design units, including 1 entities, in source file ALU/ALUadd.v
    Info (12023): Found entity 1: ALUadd
Info (12021): Found 1 design units, including 1 entities, in source file ALU/ALUadd4.v
    Info (12023): Found entity 1: ALUadd1
Info (12021): Found 1 design units, including 1 entities, in source file bit_extender/bit_extender.v
    Info (12023): Found entity 1: bitExtender
Info (12021): Found 1 design units, including 1 entities, in source file program_counter/program_counter.v
    Info (12023): Found entity 1: program_counter
Info (12021): Found 1 design units, including 1 entities, in source file data_out/data_out.v
    Info (12023): Found entity 1: mainMemory
Info (12021): Found 1 design units, including 1 entities, in source file divisor_frequencia/divisor_frequencia.v
    Info (12023): Found entity 1: divisor_frequencia
Info (12021): Found 1 design units, including 1 entities, in source file UC/UC.v
    Info (12023): Found entity 1: Unidade_de_controle
Info (12021): Found 1 design units, including 1 entities, in source file Instruction_memory/Instruction_memory.v
    Info (12023): Found entity 1: Instructions_memory
Info (12021): Found 1 design units, including 1 entities, in source file Multiplexador/MUX5.v
    Info (12023): Found entity 1: MUX5bits
Info (12021): Found 1 design units, including 1 entities, in source file Multiplexador/MUX32.v
    Info (12023): Found entity 1: MUX32bits
Warning (10236): Verilog HDL Implicit Net warning at MIPS.v(37): created implicit net for "muxRegDst_out"
Warning (10236): Verilog HDL Implicit Net warning at MIPS.v(47): created implicit net for "ULASrc_out"
Warning (10236): Verilog HDL Implicit Net warning at MIPS.v(49): created implicit net for "operation"
Critical Warning (10846): Verilog HDL Instantiation warning at MIPS.v(15): instance has no name
Critical Warning (10846): Verilog HDL Instantiation warning at MIPS.v(23): instance has no name
Critical Warning (10846): Verilog HDL Instantiation warning at MIPS.v(29): instance has no name
Critical Warning (10846): Verilog HDL Instantiation warning at MIPS.v(34): instance has no name
Critical Warning (10846): Verilog HDL Instantiation warning at MIPS.v(42): instance has no name
Critical Warning (10846): Verilog HDL Instantiation warning at MIPS.v(50): instance has no name
Critical Warning (10846): Verilog HDL Instantiation warning at MIPS.v(52): instance has no name
Info (12127): Elaborating entity "MIPS" for the top level hierarchy
Warning (10034): Output port "display" at MIPS.v(6) has no driver
Info (12128): Elaborating entity "divisor_frequencia" for hierarchy "divisor_frequencia:df"
Warning (10230): Verilog HDL assignment warning at divisor_frequencia.v(12): truncated value with size 32 to match size of target (27)
Info (12128): Elaborating entity "ALUadd1" for hierarchy "ALUadd1:comb_3"
Info (12128): Elaborating entity "MUX32bits" for hierarchy "MUX32bits:muxBranch"
Warning (10235): Verilog HDL Always Construct warning at MUX32.v(8): variable "sign" is read inside the Always Construct but isn't in the Always Construct's Event Control
Info (12128): Elaborating entity "ALUadd" for hierarchy "ALUadd:comb_5"
Info (12128): Elaborating entity "program_counter" for hierarchy "program_counter:pc"
Info (12128): Elaborating entity "Instructions_memory" for hierarchy "Instructions_memory:comb_6"
Warning (10030): Net "RAM[80..7]" at Instruction_memory.v(7) has no driver or initial value, using a default initial value '0'
Info (12128): Elaborating entity "Unidade_de_controle" for hierarchy "Unidade_de_controle:comb_7"
Warning (10272): Verilog HDL Case Statement warning at UC.v(42): case item expression covers a value already covered by a previous case item
Warning (10270): Verilog HDL Case Statement warning at UC.v(8): incomplete case statement has no default case item
Warning (10240): Verilog HDL Always Construct warning at UC.v(7): inferring latch(es) for variable "regDst", which holds its previous value in one or more paths through the always construct
Warning (10240): Verilog HDL Always Construct warning at UC.v(7): inferring latch(es) for variable "aluSrc", which holds its previous value in one or more paths through the always construct
Warning (10240): Verilog HDL Always Construct warning at UC.v(7): inferring latch(es) for variable "memtoReg", which holds its previous value in one or more paths through the always construct
Warning (10240): Verilog HDL Always Construct warning at UC.v(7): inferring latch(es) for variable "regWrite", which holds its previous value in one or more paths through the always construct
Warning (10240): Verilog HDL Always Construct warning at UC.v(7): inferring latch(es) for variable "memRead", which holds its previous value in one or more paths through the always construct
Warning (10240): Verilog HDL Always Construct warning at UC.v(7): inferring latch(es) for variable "memWrite", which holds its previous value in one or more paths through the always construct
Warning (10240): Verilog HDL Always Construct warning at UC.v(7): inferring latch(es) for variable "branch", which holds its previous value in one or more paths through the always construct
Warning (10240): Verilog HDL Always Construct warning at UC.v(7): inferring latch(es) for variable "jump", which holds its previous value in one or more paths through the always construct
Warning (10240): Verilog HDL Always Construct warning at UC.v(7): inferring latch(es) for variable "aluOp", which holds its previous value in one or more paths through the always construct
Info (10041): Inferred latch for "aluOp[0]" at UC.v(7)
Info (10041): Inferred latch for "aluOp[1]" at UC.v(7)
Info (10041): Inferred latch for "jump" at UC.v(7)
Info (10041): Inferred latch for "branch" at UC.v(7)
Info (10041): Inferred latch for "memWrite" at UC.v(7)
Info (10041): Inferred latch for "memRead" at UC.v(7)
Info (10041): Inferred latch for "regWrite" at UC.v(7)
Info (10041): Inferred latch for "memtoReg" at UC.v(7)
Info (10041): Inferred latch for "aluSrc" at UC.v(7)
Info (10041): Inferred latch for "regDst" at UC.v(7)
Info (12128): Elaborating entity "registers" for hierarchy "registers:comb_8"
Info (12128): Elaborating entity "bitExtender" for hierarchy "bitExtender:be"
Info (12128): Elaborating entity "ALU" for hierarchy "ALU:comb_9"
Warning (10270): Verilog HDL Case Statement warning at ALU.v(21): incomplete case statement has no default case item
Warning (10240): Verilog HDL Always Construct warning at ALU.v(15): inferring latch(es) for variable "aluResult", which holds its previous value in one or more paths through the always construct
Warning (10230): Verilog HDL assignment warning at ALU.v(39): truncated value with size 32 to match size of target (1)
Warning (10230): Verilog HDL assignment warning at ALU.v(40): truncated value with size 32 to match size of target (1)
Info (10041): Inferred latch for "aluResult[0]" at ALU.v(15)
Info (10041): Inferred latch for "aluResult[1]" at ALU.v(15)
Info (10041): Inferred latch for "aluResult[2]" at ALU.v(15)
Info (10041): Inferred latch for "aluResult[3]" at ALU.v(15)
Info (10041): Inferred latch for "aluResult[4]" at ALU.v(15)
Info (10041): Inferred latch for "aluResult[5]" at ALU.v(15)
Info (10041): Inferred latch for "aluResult[6]" at ALU.v(15)
Info (10041): Inferred latch for "aluResult[7]" at ALU.v(15)
Info (10041): Inferred latch for "aluResult[8]" at ALU.v(15)
Info (10041): Inferred latch for "aluResult[9]" at ALU.v(15)
Info (10041): Inferred latch for "aluResult[10]" at ALU.v(15)
Info (10041): Inferred latch for "aluResult[11]" at ALU.v(15)
Info (10041): Inferred latch for "aluResult[12]" at ALU.v(15)
Info (10041): Inferred latch for "aluResult[13]" at ALU.v(15)
Info (10041): Inferred latch for "aluResult[14]" at ALU.v(15)
Info (10041): Inferred latch for "aluResult[15]" at ALU.v(15)
Info (10041): Inferred latch for "aluResult[16]" at ALU.v(15)
Info (10041): Inferred latch for "aluResult[17]" at ALU.v(15)
Info (10041): Inferred latch for "aluResult[18]" at ALU.v(15)
Info (10041): Inferred latch for "aluResult[19]" at ALU.v(15)
Info (10041): Inferred latch for "aluResult[20]" at ALU.v(15)
Info (10041): Inferred latch for "aluResult[21]" at ALU.v(15)
Info (10041): Inferred latch for "aluResult[22]" at ALU.v(15)
Info (10041): Inferred latch for "aluResult[23]" at ALU.v(15)
Info (10041): Inferred latch for "aluResult[24]" at ALU.v(15)
Info (10041): Inferred latch for "aluResult[25]" at ALU.v(15)
Info (10041): Inferred latch for "aluResult[26]" at ALU.v(15)
Info (10041): Inferred latch for "aluResult[27]" at ALU.v(15)
Info (10041): Inferred latch for "aluResult[28]" at ALU.v(15)
Info (10041): Inferred latch for "aluResult[29]" at ALU.v(15)
Info (10041): Inferred latch for "aluResult[30]" at ALU.v(15)
Info (10041): Inferred latch for "aluResult[31]" at ALU.v(15)
Info (12128): Elaborating entity "mainMemory" for hierarchy "mainMemory:comb_10"
Warning (10230): Verilog HDL assignment warning at data_out.v(10): truncated value with size 32 to match size of target (1)
Warning (12241): 7 hierarchies have connectivity warnings - see the Connectivity Checks report folder
Warning (13024): Output pins are stuck at VCC or GND
    Warning (13410): Pin "display[0]" is stuck at GND
    Warning (13410): Pin "display[1]" is stuck at GND
    Warning (13410): Pin "display[2]" is stuck at GND
    Warning (13410): Pin "display[3]" is stuck at GND
    Warning (13410): Pin "display[4]" is stuck at GND
    Warning (13410): Pin "display[5]" is stuck at GND
    Warning (13410): Pin "display[6]" is stuck at GND
    Warning (13410): Pin "display[7]" is stuck at GND
    Warning (13410): Pin "display[8]" is stuck at GND
    Warning (13410): Pin "display[9]" is stuck at GND
    Warning (13410): Pin "display[10]" is stuck at GND
    Warning (13410): Pin "display[11]" is stuck at GND
    Warning (13410): Pin "display[12]" is stuck at GND
    Warning (13410): Pin "display[13]" is stuck at GND
    Warning (13410): Pin "display[14]" is stuck at GND
    Warning (13410): Pin "display[15]" is stuck at GND
    Warning (13410): Pin "display[16]" is stuck at GND
    Warning (13410): Pin "display[17]" is stuck at GND
    Warning (13410): Pin "display[18]" is stuck at GND
    Warning (13410): Pin "display[19]" is stuck at GND
    Warning (13410): Pin "display[20]" is stuck at GND
    Warning (13410): Pin "display[21]" is stuck at GND
    Warning (13410): Pin "display[22]" is stuck at GND
    Warning (13410): Pin "display[23]" is stuck at GND
    Warning (13410): Pin "display[24]" is stuck at GND
    Warning (13410): Pin "display[25]" is stuck at GND
    Warning (13410): Pin "display[26]" is stuck at GND
    Warning (13410): Pin "display[27]" is stuck at GND
    Warning (13410): Pin "display[28]" is stuck at GND
    Warning (13410): Pin "display[29]" is stuck at GND
    Warning (13410): Pin "display[30]" is stuck at GND
    Warning (13410): Pin "display[31]" is stuck at GND
Info (144001): Generated suppressed messages file /home/ricoms/Documents/1.Cursando/LabAOCTiago/mips/output_files/MIPS.map.smsg
Info (16010): Generating hard_block partition "hard_block:auto_generated_inst"
    Info (16011): Adding 0 node(s), including 0 DDIO, 0 PLL, 0 transceiver and 0 LCELL
Warning (21074): Design contains 10 input pin(s) that do not drive logic
    Warning (15610): No output dependent on input pin "clk_fpga"
    Warning (15610): No output dependent on input pin "reset"
    Warning (15610): No output dependent on input pin "interrupt"
    Warning (15610): No output dependent on input pin "number[0]"
    Warning (15610): No output dependent on input pin "number[1]"
    Warning (15610): No output dependent on input pin "number[2]"
    Warning (15610): No output dependent on input pin "number[3]"
    Warning (15610): No output dependent on input pin "number[4]"
    Warning (15610): No output dependent on input pin "number[5]"
    Warning (15610): No output dependent on input pin "program"
Info (21057): Implemented 42 device resources after synthesis - the final resource count might be different
    Info (21058): Implemented 10 input pins
    Info (21059): Implemented 32 output pins
Info: Quartus II 64-Bit Analysis & Synthesis was successful. 0 errors, 77 warnings
    Info: Peak virtual memory: 657 megabytes
    Info: Processing ended: Sun Jun 25 15:34:38 2017
    Info: Elapsed time: 00:00:01
    Info: Total CPU time (on all processors): 00:00:01


+------------------------------------------+
; Analysis & Synthesis Suppressed Messages ;
+------------------------------------------+
The suppressed messages can be found in /home/ricoms/Documents/1.Cursando/LabAOCTiago/mips/output_files/MIPS.map.smsg.


